Invalid mockPartnerConfig.json:

The test page http://sandbox.ht.indexexchange.com/ht/adapter-test-page.html uses 2 dfp slots with following sizes:

Slot A: `[[728, 90], [970, 250]]`
Slot B: `[[300, 250]]`

Please change configure the mockPartnerConfig.json to use the key "728x90_970x250" and "300x250", and a valid configuration
that return the corresponding sizes.

For example:
```
// single "identifier" supports multiple sizes
{
    "xSlots": {
        "1": {
            "placementId": "1",
            "sizes": [
                [728, 90], [970, 250]
            ]
        },
        "2": {
            "placementId": "2",
            "sizes": [
                [300, 250]
            ]
        }
    },
    "mapping": {
        "728x90_970x250": ["1"],
        "300x250": ["2"]
    }
}
```

Or:

```
// single "identifier" supports single size
{
    "xSlots": {
        "1": {
            "placementId": "1",
            "sizes": [
                [728, 90]
            ]
        },
        "2": {
            "placementId": "2",
            "sizes": [
                [970, 250]
            ]
        }
        "3": {
            "placementId": "3",
            "sizes": [
                [300, 250]
            ]
        }
    },
    "mapping": {
        "728x90_970x250": ["1", "2"],
        "300x250": ["3"]
    }
}
```